<?xml version="1.0" encoding="UTF-8"?>
<!-- Generated by org.testng.reporters.JUnitXMLReporter -->
<testsuite ignored="0" hostname="pc" failures="1" tests="1" name="Command line test" time="65.251" errors="0" timestamp="2021-06-13T18:55:43 IST">
  <testcase classname="TestSuite.TestClass" name="addTocartTest" time="58.667">
    <failure type="java.lang.AssertionError" message="The following asserts failed:
	Entered address and address in cart not maching expected [true] but found [false]">
      <![CDATA[java.lang.AssertionError: The following asserts failed:
Entered address and address in cart not maching expected [true] but found [false]
at TestSuite.TestClass.addTocartTest(TestClass.java:53)
at java.base/java.util.ArrayList.forEach(ArrayList.java:1540)
... Removed 38 stack frames]]>
    </failure>
  </testcase> <!-- addTocartTest -->
</testsuite> <!-- Command line test -->
